D:\QTPROPERTYBROWSER-2.5_1-OPENSOURCE\QTPROPERTYBROWSER-2.5_1-OPENSOURCE\EXAMPLES\SIMPLE\X64\DEBUG\VC110.PDB
D:\QTPROPERTYBROWSER-2.5_1-OPENSOURCE\QTPROPERTYBROWSER-2.5_1-OPENSOURCE\EXAMPLES\SIMPLE\DEBUG\MOC_QTBUTTONPROPERTYBROWSER.CPP
D:\QTPROPERTYBROWSER-2.5_1-OPENSOURCE\QTPROPERTYBROWSER-2.5_1-OPENSOURCE\EXAMPLES\SIMPLE\DEBUG\MOC_QTEDITORFACTORY.CPP
D:\QTPROPERTYBROWSER-2.5_1-OPENSOURCE\QTPROPERTYBROWSER-2.5_1-OPENSOURCE\EXAMPLES\SIMPLE\DEBUG\MOC_QTGROUPBOXPROPERTYBROWSER.CPP
D:\QTPROPERTYBROWSER-2.5_1-OPENSOURCE\QTPROPERTYBROWSER-2.5_1-OPENSOURCE\EXAMPLES\SIMPLE\DEBUG\MOC_QTPROPERTYBROWSER.CPP
D:\QTPROPERTYBROWSER-2.5_1-OPENSOURCE\QTPROPERTYBROWSER-2.5_1-OPENSOURCE\EXAMPLES\SIMPLE\DEBUG\MOC_QTPROPERTYBROWSERUTILS_P.CPP
D:\QTPROPERTYBROWSER-2.5_1-OPENSOURCE\QTPROPERTYBROWSER-2.5_1-OPENSOURCE\EXAMPLES\SIMPLE\DEBUG\MOC_QTPROPERTYMANAGER.CPP
D:\QTPROPERTYBROWSER-2.5_1-OPENSOURCE\QTPROPERTYBROWSER-2.5_1-OPENSOURCE\EXAMPLES\SIMPLE\DEBUG\MOC_QTTREEPROPERTYBROWSER.CPP
D:\QTPROPERTYBROWSER-2.5_1-OPENSOURCE\QTPROPERTYBROWSER-2.5_1-OPENSOURCE\EXAMPLES\SIMPLE\DEBUG\MOC_QTVARIANTPROPERTY.CPP
D:\QTPROPERTYBROWSER-2.5_1-OPENSOURCE\QTPROPERTYBROWSER-2.5_1-OPENSOURCE\EXAMPLES\SIMPLE\DEBUG\QRC_QTPROPERTYBROWSER.CPP
D:\QTPROPERTYBROWSER-2.5_1-OPENSOURCE\QTPROPERTYBROWSER-2.5_1-OPENSOURCE\EXAMPLES\SIMPLE\DEBUG\QTPROPERTYMANAGER.MOC
D:\QTPROPERTYBROWSER-2.5_1-OPENSOURCE\QTPROPERTYBROWSER-2.5_1-OPENSOURCE\EXAMPLES\SIMPLE\DEBUG\QTTREEPROPERTYBROWSER.MOC
D:\QTPROPERTYBROWSER-2.5_1-OPENSOURCE\QTPROPERTYBROWSER-2.5_1-OPENSOURCE\EXAMPLES\SIMPLE\DEBUG\QTEDITORFACTORY.MOC
D:\qtpropertybrowser-2.5_1-opensource\qtpropertybrowser-2.5_1-opensource\examples\simple\x64\Debug\main.obj
D:\qtpropertybrowser-2.5_1-opensource\qtpropertybrowser-2.5_1-opensource\examples\simple\x64\Debug\moc_qtpropertybrowserutils_p.obj
D:\qtpropertybrowser-2.5_1-opensource\qtpropertybrowser-2.5_1-opensource\examples\simple\x64\Debug\qrc_qtpropertybrowser.obj
D:\qtpropertybrowser-2.5_1-opensource\qtpropertybrowser-2.5_1-opensource\examples\simple\x64\Debug\qtbuttonpropertybrowser.obj
D:\qtpropertybrowser-2.5_1-opensource\qtpropertybrowser-2.5_1-opensource\examples\simple\x64\Debug\qteditorfactory.obj
D:\qtpropertybrowser-2.5_1-opensource\qtpropertybrowser-2.5_1-opensource\examples\simple\x64\Debug\qtgroupboxpropertybrowser.obj
D:\qtpropertybrowser-2.5_1-opensource\qtpropertybrowser-2.5_1-opensource\examples\simple\x64\Debug\qtpropertybrowser.obj
D:\qtpropertybrowser-2.5_1-opensource\qtpropertybrowser-2.5_1-opensource\examples\simple\x64\Debug\qtpropertybrowserutils.obj
D:\qtpropertybrowser-2.5_1-opensource\qtpropertybrowser-2.5_1-opensource\examples\simple\x64\Debug\qtpropertymanager.obj
D:\qtpropertybrowser-2.5_1-opensource\qtpropertybrowser-2.5_1-opensource\examples\simple\x64\Debug\qttreepropertybrowser.obj
D:\qtpropertybrowser-2.5_1-opensource\qtpropertybrowser-2.5_1-opensource\examples\simple\x64\Debug\qtvariantproperty.obj
D:\qtpropertybrowser-2.5_1-opensource\qtpropertybrowser-2.5_1-opensource\examples\simple\x64\Debug\cl.command.1.tlog
D:\qtpropertybrowser-2.5_1-opensource\qtpropertybrowser-2.5_1-opensource\examples\simple\x64\Debug\cl.read.1.tlog
D:\qtpropertybrowser-2.5_1-opensource\qtpropertybrowser-2.5_1-opensource\examples\simple\x64\Debug\cl.write.1.tlog
D:\qtpropertybrowser-2.5_1-opensource\qtpropertybrowser-2.5_1-opensource\examples\simple\x64\Debug\custombuild.command.1.tlog
D:\qtpropertybrowser-2.5_1-opensource\qtpropertybrowser-2.5_1-opensource\examples\simple\x64\Debug\custombuild.read.1.tlog
D:\qtpropertybrowser-2.5_1-opensource\qtpropertybrowser-2.5_1-opensource\examples\simple\x64\Debug\custombuild.write.1.tlog
D:\qtpropertybrowser-2.5_1-opensource\qtpropertybrowser-2.5_1-opensource\examples\simple\x64\Debug\lib.command.1.tlog
D:\qtpropertybrowser-2.5_1-opensource\qtpropertybrowser-2.5_1-opensource\examples\simple\x64\Debug\link.command.1.tlog
D:\qtpropertybrowser-2.5_1-opensource\qtpropertybrowser-2.5_1-opensource\examples\simple\x64\Debug\vc110.idb
D:\qtpropertybrowser-2.5_1-opensource\qtpropertybrowser-2.5_1-opensource\examples\simple\x64\Debug\vc110.pdb
D:\qtpropertybrowser-2.5_1-opensource\qtpropertybrowser-2.5_1-opensource\x64\Debug\qtpropertybrowser.lib
