D:\QTPROPERTYBROWSER-2.5_1-OPENSOURCE\QTPROPERTYBROWSER-2.5_1-OPENSOURCE\EXAMPLES\SIMPLE\X64\RELEASE\VC110.PDB
D:\QTPROPERTYBROWSER-2.5_1-OPENSOURCE\QTPROPERTYBROWSER-2.5_1-OPENSOURCE\EXAMPLES\SIMPLE\RELEASE\MOC_QTBUTTONPROPERTYBROWSER.CPP
D:\QTPROPERTYBROWSER-2.5_1-OPENSOURCE\QTPROPERTYBROWSER-2.5_1-OPENSOURCE\EXAMPLES\SIMPLE\RELEASE\MOC_QTEDITORFACTORY.CPP
D:\QTPROPERTYBROWSER-2.5_1-OPENSOURCE\QTPROPERTYBROWSER-2.5_1-OPENSOURCE\EXAMPLES\SIMPLE\RELEASE\MOC_QTGROUPBOXPROPERTYBROWSER.CPP
D:\QTPROPERTYBROWSER-2.5_1-OPENSOURCE\QTPROPERTYBROWSER-2.5_1-OPENSOURCE\EXAMPLES\SIMPLE\RELEASE\MOC_QTPROPERTYBROWSER.CPP
D:\QTPROPERTYBROWSER-2.5_1-OPENSOURCE\QTPROPERTYBROWSER-2.5_1-OPENSOURCE\EXAMPLES\SIMPLE\RELEASE\MOC_QTPROPERTYBROWSERUTILS_P.CPP
D:\QTPROPERTYBROWSER-2.5_1-OPENSOURCE\QTPROPERTYBROWSER-2.5_1-OPENSOURCE\EXAMPLES\SIMPLE\RELEASE\MOC_QTPROPERTYMANAGER.CPP
D:\QTPROPERTYBROWSER-2.5_1-OPENSOURCE\QTPROPERTYBROWSER-2.5_1-OPENSOURCE\EXAMPLES\SIMPLE\RELEASE\MOC_QTTREEPROPERTYBROWSER.CPP
D:\QTPROPERTYBROWSER-2.5_1-OPENSOURCE\QTPROPERTYBROWSER-2.5_1-OPENSOURCE\EXAMPLES\SIMPLE\RELEASE\MOC_QTVARIANTPROPERTY.CPP
D:\QTPROPERTYBROWSER-2.5_1-OPENSOURCE\QTPROPERTYBROWSER-2.5_1-OPENSOURCE\EXAMPLES\SIMPLE\RELEASE\QTPROPERTYMANAGER.MOC
D:\QTPROPERTYBROWSER-2.5_1-OPENSOURCE\QTPROPERTYBROWSER-2.5_1-OPENSOURCE\EXAMPLES\SIMPLE\RELEASE\QTTREEPROPERTYBROWSER.MOC
D:\QTPROPERTYBROWSER-2.5_1-OPENSOURCE\QTPROPERTYBROWSER-2.5_1-OPENSOURCE\EXAMPLES\SIMPLE\RELEASE\QRC_QTPROPERTYBROWSER.CPP
D:\QTPROPERTYBROWSER-2.5_1-OPENSOURCE\QTPROPERTYBROWSER-2.5_1-OPENSOURCE\EXAMPLES\SIMPLE\RELEASE\QTEDITORFACTORY.MOC
D:\qtpropertybrowser-2.5_1-opensource\qtpropertybrowser-2.5_1-opensource\examples\simple\x64\Release\main.obj
D:\qtpropertybrowser-2.5_1-opensource\qtpropertybrowser-2.5_1-opensource\examples\simple\x64\Release\moc_qtpropertybrowserutils_p.obj
D:\qtpropertybrowser-2.5_1-opensource\qtpropertybrowser-2.5_1-opensource\examples\simple\x64\Release\qrc_qtpropertybrowser.obj
D:\qtpropertybrowser-2.5_1-opensource\qtpropertybrowser-2.5_1-opensource\examples\simple\x64\Release\qtbuttonpropertybrowser.obj
D:\qtpropertybrowser-2.5_1-opensource\qtpropertybrowser-2.5_1-opensource\examples\simple\x64\Release\qteditorfactory.obj
D:\qtpropertybrowser-2.5_1-opensource\qtpropertybrowser-2.5_1-opensource\examples\simple\x64\Release\qtgroupboxpropertybrowser.obj
D:\qtpropertybrowser-2.5_1-opensource\qtpropertybrowser-2.5_1-opensource\examples\simple\x64\Release\qtpropertybrowser.obj
D:\qtpropertybrowser-2.5_1-opensource\qtpropertybrowser-2.5_1-opensource\examples\simple\x64\Release\qtpropertybrowserutils.obj
D:\qtpropertybrowser-2.5_1-opensource\qtpropertybrowser-2.5_1-opensource\examples\simple\x64\Release\qtpropertymanager.obj
D:\qtpropertybrowser-2.5_1-opensource\qtpropertybrowser-2.5_1-opensource\examples\simple\x64\Release\qttreepropertybrowser.obj
D:\qtpropertybrowser-2.5_1-opensource\qtpropertybrowser-2.5_1-opensource\examples\simple\x64\Release\qtvariantproperty.obj
D:\qtpropertybrowser-2.5_1-opensource\qtpropertybrowser-2.5_1-opensource\examples\simple\x64\Release\cl.command.1.tlog
D:\qtpropertybrowser-2.5_1-opensource\qtpropertybrowser-2.5_1-opensource\examples\simple\x64\Release\cl.read.1.tlog
D:\qtpropertybrowser-2.5_1-opensource\qtpropertybrowser-2.5_1-opensource\examples\simple\x64\Release\cl.write.1.tlog
D:\qtpropertybrowser-2.5_1-opensource\qtpropertybrowser-2.5_1-opensource\examples\simple\x64\Release\custombuild.command.1.tlog
D:\qtpropertybrowser-2.5_1-opensource\qtpropertybrowser-2.5_1-opensource\examples\simple\x64\Release\custombuild.read.1.tlog
D:\qtpropertybrowser-2.5_1-opensource\qtpropertybrowser-2.5_1-opensource\examples\simple\x64\Release\custombuild.write.1.tlog
D:\qtpropertybrowser-2.5_1-opensource\qtpropertybrowser-2.5_1-opensource\examples\simple\x64\Release\lib.command.1.tlog
D:\qtpropertybrowser-2.5_1-opensource\qtpropertybrowser-2.5_1-opensource\examples\simple\x64\Release\link.command.1.tlog
D:\qtpropertybrowser-2.5_1-opensource\qtpropertybrowser-2.5_1-opensource\x64\Release\qtpropertybrowser.lib
